<?xml version="1.0" encoding="UTF-8"?>
<testsuite name="TestSuite" time="49.791" tests="2" errors="0" skipped="1" failures="1">
  <properties>
[...]
</properties>
  <testcase name="init" classname="in.key2javaselenium.newtours.testrunner.NewToursRunner" time="49.791">
    <failure message="Reached error page: about:neterror?e=dnsNotFound&amp;u=http%3A//newtours.demoaut.com/&amp;c=UTF-8&amp;f=regular&amp;d=Firefox%20can%E2%80%99t%20find%20the%20server%20at%20newtours.demoaut.com.&#10;Build info: version: &apos;3.0.1&apos;, revision: &apos;1969d75&apos;, time: &apos;2016-10-18 09:49:13 -0700&apos;&#10;System info: host: &apos;srividya-PC&apos;, ip: &apos;127.0.0.1&apos;, os.name: &apos;Windows 7&apos;, os.arch: &apos;amd64&apos;, os.version: &apos;6.1&apos;, java.version: &apos;1.8.0_51&apos;&#10;Driver info: org.openqa.selenium.firefox.FirefoxDriver&#10;Capabilities [{rotatable=false, raisesAccessibilityExceptions=false, marionette=true, firefoxOptions={args=[], prefs={}}, appBuildId=20161129173726, version=, platform=XP, proxy={}, command_id=1, specificationLevel=0, acceptSslCerts=false, processId=2548, browserVersion=50.0.2, platformVersion=6.1, XULappId={ec8030f7-c20a-464f-9b0e-13a3a9e97384}, browserName=firefox, takesScreenshot=true, takesElementScreenshot=true, platformName=windows_nt}]&#10;Session ID: 8a0511c2-68d3-4e57-9dd0-e28a6b6c00f0" type="org.openqa.selenium.WebDriverException"><![CDATA[org.openqa.selenium.WebDriverException: Reached error page: about:neterror?e=dnsNotFound&u=http%3A//newtours.demoaut.com/&c=UTF-8&f=regular&d=Firefox%20can%E2%80%99t%20find%20the%20server%20at%20newtours.demoaut.com.
Build info: version: '3.0.1', revision: '1969d75', time: '2016-10-18 09:49:13 -0700'
System info: host: 'srividya-PC', ip: '127.0.0.1', os.name: 'Windows 7', os.arch: 'amd64', os.version: '6.1', java.version: '1.8.0_51'
Driver info: org.openqa.selenium.firefox.FirefoxDriver
Capabilities [{rotatable=false, raisesAccessibilityExceptions=false, marionette=true, firefoxOptions={args=[], prefs={}}, appBuildId=20161129173726, version=, platform=XP, proxy={}, command_id=1, specificationLevel=0, acceptSslCerts=false, processId=2548, browserVersion=50.0.2, platformVersion=6.1, XULappId={ec8030f7-c20a-464f-9b0e-13a3a9e97384}, browserName=firefox, takesScreenshot=true, takesElementScreenshot=true, platformName=windows_nt}]
Session ID: 8a0511c2-68d3-4e57-9dd0-e28a6b6c00f0
	at sun.reflect.NativeConstructorAccessorImpl.newInstance0(Native Method)
	at sun.reflect.NativeConstructorAccessorImpl.newInstance(NativeConstructorAccessorImpl.java:62)
	at sun.reflect.DelegatingConstructorAccessorImpl.newInstance(DelegatingConstructorAccessorImpl.java:45)
	at java.lang.reflect.Constructor.newInstance(Constructor.java:422)
	at org.openqa.selenium.remote.http.W3CHttpResponseCodec.createException(W3CHttpResponseCodec.java:127)
	at org.openqa.selenium.remote.http.W3CHttpResponseCodec.decode(W3CHttpResponseCodec.java:93)
	at org.openqa.selenium.remote.http.W3CHttpResponseCodec.decode(W3CHttpResponseCodec.java:42)
	at org.openqa.selenium.remote.HttpCommandExecutor.execute(HttpCommandExecutor.java:163)
	at org.openqa.selenium.remote.service.DriverCommandExecutor.execute(DriverCommandExecutor.java:82)
	at org.openqa.selenium.remote.RemoteWebDriver.execute(RemoteWebDriver.java:601)
	at org.openqa.selenium.remote.RemoteWebDriver.get(RemoteWebDriver.java:322)
	at in.keys2javaselenium.newtours.utility.BrowserSelection.openUrl(BrowserSelection.java:34)
	at in.key2javaselenium.newtours.testrunner.NewToursRunner.init(NewToursRunner.java:22)
]]></failure>
    <system-err><![CDATA[1481345639532	geckodriver	INFO	Listening on 127.0.0.1:7459
Dec 10, 2016 10:23:59 AM org.openqa.selenium.remote.ProtocolHandshake createSession
INFO: Attempting bi-dialect session, assuming Postel's Law holds true on the remote end
1481345640195	mozprofile::profile	INFO	Using profile path C:\Users\srividya\AppData\Local\Temp\rust_mozprofile.9B9twadCV4kV
1481345640197	geckodriver::marionette	INFO	Starting browser C:\Program Files (x86)\Mozilla Firefox\firefox.exe
1481345640243	geckodriver::marionette	INFO	Connecting to Marionette on localhost:49404
1481345658124	Marionette	INFO	Listening on port 49404
Dec 10, 2016 10:24:33 AM org.openqa.selenium.remote.ProtocolHandshake createSession
INFO: Detected dialect: W3C
]]></system-err>
  </testcase>
  <testcase name="verifyHomePage" classname="in.key2javaselenium.newtours.testrunner.NewToursRunner" time="0">
    <skipped/>
  </testcase>
</testsuite>