<?xml version="1.0" encoding="UTF-8"?>
<testng-results skipped="4" failed="0" total="4" passed="0">
  <reporter-output>
  </reporter-output>
  <suite name="Default suite" duration-ms="12164" started-at="2016-12-17T07:07:28Z" finished-at="2016-12-17T07:07:40Z">
    <groups>
    </groups>
    <test name="Default test" duration-ms="12164" started-at="2016-12-17T07:07:28Z" finished-at="2016-12-17T07:07:40Z">
      <class name="in.key2javaselenium.newtours.testrunner.NewToursRunner">
        <test-method status="FAIL" signature="init(java.lang.String, java.lang.String)[pri:0, instance:in.key2javaselenium.newtours.testrunner.NewToursRunner@604ed9f0]" name="init" is-config="true" duration-ms="0" started-at="2016-12-17T12:37:29Z" finished-at="2016-12-17T12:37:29Z">
          <params>
            <param index="0">
              <value>
                <![CDATA[firefox]]>
              </value>
            </param>
            <param index="1">
              <value>
                <![CDATA[http://newtours.demoaut.com]]>
              </value>
            </param>
          </params>
          <exception class="org.openqa.selenium.WebDriverException">
            <message>
              <![CDATA[Reached error page: about:neterror?e=dnsNotFound&u=http%3A//newtours.demoaut.com/&c=UTF-8&f=regular&d=Firefox%20can%E2%80%99t%20find%20the%20server%20at%20newtours.demoaut.com.
Build info: version: '3.0.1', revision: '1969d75', time: '2016-10-18 09:49:13 -0700'
System info: host: 'srividya-PC', ip: '127.0.0.1', os.name: 'Windows 7', os.arch: 'amd64', os.version: '6.1', java.version: '1.8.0_51'
Driver info: org.openqa.selenium.firefox.FirefoxDriver
Capabilities [{rotatable=false, raisesAccessibilityExceptions=false, marionette=true, firefoxOptions={args=[], prefs={}}, appBuildId=20161129173726, version=, platform=XP, proxy={}, command_id=1, specificationLevel=0, acceptSslCerts=false, processId=828, browserVersion=50.0.2, platformVersion=6.1, XULappId={ec8030f7-c20a-464f-9b0e-13a3a9e97384}, browserName=firefox, takesScreenshot=true, takesElementScreenshot=true, platformName=windows_nt}]
Session ID: 2c4d43e2-b3a2-4483-9673-52c0a1a36944]]>
            </message>
            <full-stacktrace>
              <![CDATA[org.openqa.selenium.WebDriverException: Reached error page: about:neterror?e=dnsNotFound&u=http%3A//newtours.demoaut.com/&c=UTF-8&f=regular&d=Firefox%20can%E2%80%99t%20find%20the%20server%20at%20newtours.demoaut.com.
Build info: version: '3.0.1', revision: '1969d75', time: '2016-10-18 09:49:13 -0700'
System info: host: 'srividya-PC', ip: '127.0.0.1', os.name: 'Windows 7', os.arch: 'amd64', os.version: '6.1', java.version: '1.8.0_51'
Driver info: org.openqa.selenium.firefox.FirefoxDriver
Capabilities [{rotatable=false, raisesAccessibilityExceptions=false, marionette=true, firefoxOptions={args=[], prefs={}}, appBuildId=20161129173726, version=, platform=XP, proxy={}, command_id=1, specificationLevel=0, acceptSslCerts=false, processId=828, browserVersion=50.0.2, platformVersion=6.1, XULappId={ec8030f7-c20a-464f-9b0e-13a3a9e97384}, browserName=firefox, takesScreenshot=true, takesElementScreenshot=true, platformName=windows_nt}]
Session ID: 2c4d43e2-b3a2-4483-9673-52c0a1a36944
	at sun.reflect.NativeConstructorAccessorImpl.newInstance0(Native Method)
	at sun.reflect.NativeConstructorAccessorImpl.newInstance(NativeConstructorAccessorImpl.java:62)
	at sun.reflect.DelegatingConstructorAccessorImpl.newInstance(DelegatingConstructorAccessorImpl.java:45)
	at java.lang.reflect.Constructor.newInstance(Constructor.java:422)
	at org.openqa.selenium.remote.http.W3CHttpResponseCodec.createException(W3CHttpResponseCodec.java:127)
	at org.openqa.selenium.remote.http.W3CHttpResponseCodec.decode(W3CHttpResponseCodec.java:93)
	at org.openqa.selenium.remote.http.W3CHttpResponseCodec.decode(W3CHttpResponseCodec.java:42)
	at org.openqa.selenium.remote.HttpCommandExecutor.execute(HttpCommandExecutor.java:163)
	at org.openqa.selenium.remote.service.DriverCommandExecutor.execute(DriverCommandExecutor.java:82)
	at org.openqa.selenium.remote.RemoteWebDriver.execute(RemoteWebDriver.java:601)
	at org.openqa.selenium.remote.RemoteWebDriver.get(RemoteWebDriver.java:322)
	at in.keys2javaselenium.newtours.utility.BrowserSelection.openUrl(BrowserSelection.java:55)
	at in.key2javaselenium.newtours.testrunner.NewToursRunner.init(NewToursRunner.java:34)
	at sun.reflect.NativeMethodAccessorImpl.invoke0(Native Method)
	at sun.reflect.NativeMethodAccessorImpl.invoke(NativeMethodAccessorImpl.java:62)
	at sun.reflect.DelegatingMethodAccessorImpl.invoke(DelegatingMethodAccessorImpl.java:43)
	at java.lang.reflect.Method.invoke(Method.java:497)
	at org.testng.internal.MethodInvocationHelper.invokeMethod(MethodInvocationHelper.java:100)
	at org.testng.internal.Invoker.invokeConfigurationMethod(Invoker.java:515)
	at org.testng.internal.Invoker.invokeConfigurations(Invoker.java:216)
	at org.testng.internal.Invoker.invokeMethod(Invoker.java:590)
	at org.testng.internal.Invoker.invokeTestMethod(Invoker.java:811)
	at org.testng.internal.Invoker.invokeTestMethods(Invoker.java:1137)
	at org.testng.internal.TestMethodWorker.invokeTestMethods(TestMethodWorker.java:129)
	at org.testng.internal.TestMethodWorker.run(TestMethodWorker.java:112)
	at org.testng.TestRunner.privateRun(TestRunner.java:753)
	at org.testng.TestRunner.run(TestRunner.java:607)
	at org.testng.SuiteRunner.runTest(SuiteRunner.java:368)
	at org.testng.SuiteRunner.runSequentially(SuiteRunner.java:363)
	at org.testng.SuiteRunner.privateRun(SuiteRunner.java:321)
	at org.testng.SuiteRunner.run(SuiteRunner.java:270)
	at org.testng.SuiteRunnerWorker.runSuite(SuiteRunnerWorker.java:52)
	at org.testng.SuiteRunnerWorker.run(SuiteRunnerWorker.java:86)
	at org.testng.TestNG.runSuitesSequentially(TestNG.java:1284)
	at org.testng.TestNG.runSuitesLocally(TestNG.java:1209)
	at org.testng.TestNG.runSuites(TestNG.java:1124)
	at org.testng.TestNG.run(TestNG.java:1096)
	at org.testng.remote.AbstractRemoteTestNG.run(AbstractRemoteTestNG.java:132)
	at org.testng.remote.RemoteTestNG.initAndRun(RemoteTestNG.java:236)
	at org.testng.remote.RemoteTestNG.main(RemoteTestNG.java:81)
]]>
            </full-stacktrace>
          </exception> <!-- org.openqa.selenium.WebDriverException -->
          <reporter-output>
          </reporter-output>
        </test-method> <!-- init -->
        <test-method status="SKIP" signature="verifyHomePage(java.lang.String, java.lang.String)[pri:0, instance:in.key2javaselenium.newtours.testrunner.NewToursRunner@604ed9f0]" name="verifyHomePage" duration-ms="2" started-at="2016-12-17T12:37:40Z" data-provider="newtours" finished-at="2016-12-17T12:37:40Z">
          <params>
            <param index="0">
              <value>
                <![CDATA[Welcome: Mercury Tours]]>
              </value>
            </param>
            <param index="1">
              <value>
                <![CDATA[1]]>
              </value>
            </param>
          </params>
          <reporter-output>
          </reporter-output>
        </test-method> <!-- verifyHomePage -->
        <test-method status="SKIP" signature="init(java.lang.String, java.lang.String)[pri:0, instance:in.key2javaselenium.newtours.testrunner.NewToursRunner@604ed9f0]" name="init" is-config="true" duration-ms="0" started-at="2016-12-17T12:37:40Z" finished-at="2016-12-17T12:37:40Z">
          <reporter-output>
          </reporter-output>
        </test-method> <!-- init -->
        <test-method status="SKIP" signature="verifyRegistrationProcess(java.lang.String, java.lang.String, java.lang.String, java.lang.String, java.lang.String, java.lang.String, java.lang.String, java.lang.String, java.lang.String, java.lang.String, java.lang.String, java.lang.String, java.lang.String, java.lang.String)[pri:0, instance:in.key2javaselenium.newtours.testrunner.NewToursRunner@604ed9f0]" name="verifyRegistrationProcess" duration-ms="2" started-at="2016-12-17T12:37:40Z" data-provider="newtours" finished-at="2016-12-17T12:37:40Z">
          <params>
            <param index="0">
              <value>
                <![CDATA[srilatha]]>
              </value>
            </param>
            <param index="1">
              <value>
                <![CDATA[ky]]>
              </value>
            </param>
            <param index="2">
              <value>
                <![CDATA[9900990099]]>
              </value>
            </param>
            <param index="3">
              <value>
                <![CDATA[kysrilatha@gmail.com]]>
              </value>
            </param>
            <param index="4">
              <value>
                <![CDATA[Bangalore]]>
              </value>
            </param>
            <param index="5">
              <value>
                <![CDATA[Bangalore]]>
              </value>
            </param>
            <param index="6">
              <value>
                <![CDATA[KA]]>
              </value>
            </param>
            <param index="7">
              <value>
                <![CDATA[560043]]>
              </value>
            </param>
            <param index="8">
              <value>
                <![CDATA[INDIA]]>
              </value>
            </param>
            <param index="9">
              <value>
                <![CDATA[selenium]]>
              </value>
            </param>
            <param index="10">
              <value>
                <![CDATA[test123]]>
              </value>
            </param>
            <param index="11">
              <value>
                <![CDATA[test123]]>
              </value>
            </param>
            <param index="12">
              <value>
                <![CDATA[Dear srilatha ky,
Thank you for registering. You may now sign-in using the user name and password you've just entered.
Note: Your user name is srilatha.]]>
              </value>
            </param>
            <param index="13">
              <value>
                <![CDATA[2]]>
              </value>
            </param>
          </params>
          <reporter-output>
          </reporter-output>
        </test-method> <!-- verifyRegistrationProcess -->
        <test-method status="SKIP" signature="init(java.lang.String, java.lang.String)[pri:0, instance:in.key2javaselenium.newtours.testrunner.NewToursRunner@604ed9f0]" name="init" is-config="true" duration-ms="0" started-at="2016-12-17T12:37:40Z" finished-at="2016-12-17T12:37:40Z">
          <reporter-output>
          </reporter-output>
        </test-method> <!-- init -->
        <test-method status="SKIP" signature="verifyRegistrationProcess(java.lang.String, java.lang.String, java.lang.String, java.lang.String, java.lang.String, java.lang.String, java.lang.String, java.lang.String, java.lang.String, java.lang.String, java.lang.String, java.lang.String, java.lang.String, java.lang.String)[pri:0, instance:in.key2javaselenium.newtours.testrunner.NewToursRunner@604ed9f0]" name="verifyRegistrationProcess" duration-ms="8" started-at="2016-12-17T12:37:40Z" data-provider="newtours" finished-at="2016-12-17T12:37:40Z">
          <params>
            <param index="0">
              <value>
                <![CDATA[Jit]]>
              </value>
            </param>
            <param index="1">
              <value>
                <![CDATA[nan]]>
              </value>
            </param>
            <param index="2">
              <value>
                <![CDATA[9900998765]]>
              </value>
            </param>
            <param index="3">
              <value>
                <![CDATA[jit@gmail.com]]>
              </value>
            </param>
            <param index="4">
              <value>
                <![CDATA[Bangalore]]>
              </value>
            </param>
            <param index="5">
              <value>
                <![CDATA[Bangalore]]>
              </value>
            </param>
            <param index="6">
              <value>
                <![CDATA[KA]]>
              </value>
            </param>
            <param index="7">
              <value>
                <![CDATA[560043]]>
              </value>
            </param>
            <param index="8">
              <value>
                <![CDATA[INDIA]]>
              </value>
            </param>
            <param index="9">
              <value>
                <![CDATA[selenium1]]>
              </value>
            </param>
            <param index="10">
              <value>
                <![CDATA[test222]]>
              </value>
            </param>
            <param index="11">
              <value>
                <![CDATA[test222]]>
              </value>
            </param>
            <param index="12">
              <value>
                <![CDATA[Dear jit nan,
Thank you for registering. You may now sign-in using the user name and password you've just entered.
Note: Your user name is jit.]]>
              </value>
            </param>
            <param index="13">
              <value>
                <![CDATA[3]]>
              </value>
            </param>
          </params>
          <reporter-output>
          </reporter-output>
        </test-method> <!-- verifyRegistrationProcess -->
        <test-method status="SKIP" signature="init(java.lang.String, java.lang.String)[pri:0, instance:in.key2javaselenium.newtours.testrunner.NewToursRunner@604ed9f0]" name="init" is-config="true" duration-ms="0" started-at="2016-12-17T12:37:40Z" finished-at="2016-12-17T12:37:40Z">
          <reporter-output>
          </reporter-output>
        </test-method> <!-- init -->
        <test-method status="SKIP" signature="verifyRegistrationProcess(java.lang.String, java.lang.String, java.lang.String, java.lang.String, java.lang.String, java.lang.String, java.lang.String, java.lang.String, java.lang.String, java.lang.String, java.lang.String, java.lang.String, java.lang.String, java.lang.String)[pri:0, instance:in.key2javaselenium.newtours.testrunner.NewToursRunner@604ed9f0]" name="verifyRegistrationProcess" duration-ms="3" started-at="2016-12-17T12:37:40Z" data-provider="newtours" finished-at="2016-12-17T12:37:40Z">
          <params>
            <param index="0">
              <value>
                <![CDATA[srilatha1]]>
              </value>
            </param>
            <param index="1">
              <value>
                <![CDATA[ky1]]>
              </value>
            </param>
            <param index="2">
              <value>
                <![CDATA[9900990090]]>
              </value>
            </param>
            <param index="3">
              <value>
                <![CDATA[kysrilatha@gmai.com]]>
              </value>
            </param>
            <param index="4">
              <value>
                <![CDATA[Bangalore]]>
              </value>
            </param>
            <param index="5">
              <value>
                <![CDATA[Bangalore]]>
              </value>
            </param>
            <param index="6">
              <value>
                <![CDATA[KA]]>
              </value>
            </param>
            <param index="7">
              <value>
                <![CDATA[560043]]>
              </value>
            </param>
            <param index="8">
              <value>
                <![CDATA[INDIA]]>
              </value>
            </param>
            <param index="9">
              <value>
                <![CDATA[selenium]]>
              </value>
            </param>
            <param index="10">
              <value>
                <![CDATA[test123]]>
              </value>
            </param>
            <param index="11">
              <value>
                <![CDATA[test123]]>
              </value>
            </param>
            <param index="12">
              <value>
                <![CDATA[Dear srilatha1 ky1,
Thank you for registering. You may now sign-in using the user name and password you've just entered.
Note: Your user name is srilatha.]]>
              </value>
            </param>
            <param index="13">
              <value>
                <![CDATA[6]]>
              </value>
            </param>
          </params>
          <reporter-output>
          </reporter-output>
        </test-method> <!-- verifyRegistrationProcess -->
      </class> <!-- in.key2javaselenium.newtours.testrunner.NewToursRunner -->
    </test> <!-- Default test -->
  </suite> <!-- Default suite -->
</testng-results>
